Build started 11/9/2020 8:07:00 PM.
     1>Project "C:\Users\Thalibar Rifqi\Documents\Visual Studio 2013\Projects\Traveler Salesman Problem\MFCApplication1\MFCApplication1.vcxproj" on node 2 (Build target(s)).
     1>ClCompile:
         C:\Program Files (x86)\Microsoft Visual Studio 12.0\VC\bin\CL.exe /c /ZI /nologo /W3 /WX- /sdl /Od /Oy- /D WIN32 /D _WINDOWS /D _DEBUG /D _UNICODE /D UNICODE /D _AFXDLL /Gm /EHsc /RTC1 /MDd /GS /fp:precise /Zc:wchar_t /Zc:forScope /Yc"stdafx.h" /Fp"Debug\MFCApplication1.pch" /Fo"Debug\\" /Fd"Debug\vc120.pdb" /Gd /TP /analyze- /errorReport:prompt stdafx.cpp
         stdafx.cpp
         C:\Program Files (x86)\Microsoft Visual Studio 12.0\VC\bin\CL.exe /c /ZI /nologo /W3 /WX- /sdl /Od /Oy- /D WIN32 /D _WINDOWS /D _DEBUG /D _UNICODE /D UNICODE /D _AFXDLL /Gm /EHsc /RTC1 /MDd /GS /fp:precise /Zc:wchar_t /Zc:forScope /Yu"stdafx.h" /Fp"Debug\MFCApplication1.pch" /Fo"Debug\\" /Fd"Debug\vc120.pdb" /Gd /TP /analyze- /errorReport:prompt MFCApplication1.cpp MFCApplication1Dlg.cpp
         MFCApplication1Dlg.cpp
     1>c:\users\thalibar rifqi\documents\visual studio 2013\projects\traveler salesman problem\mfcapplication1\mfcapplication1dlg.cpp(179): warning C4244: 'argument' : conversion from 'time_t' to 'unsigned int', possible loss of data
     1>c:\users\thalibar rifqi\documents\visual studio 2013\projects\traveler salesman problem\mfcapplication1\mfcapplication1dlg.cpp(194): warning C4244: '=' : conversion from 'int' to 'float', possible loss of data
     1>c:\users\thalibar rifqi\documents\visual studio 2013\projects\traveler salesman problem\mfcapplication1\mfcapplication1dlg.cpp(195): warning C4244: '=' : conversion from 'int' to 'float', possible loss of data
     1>c:\users\thalibar rifqi\documents\visual studio 2013\projects\traveler salesman problem\mfcapplication1\mfcapplication1dlg.cpp(222): warning C4101: 'j' : unreferenced local variable
     1>c:\users\thalibar rifqi\documents\visual studio 2013\projects\traveler salesman problem\mfcapplication1\mfcapplication1dlg.cpp(290): warning C4390: ';' : empty controlled statement found; is this the intent?
     1>c:\users\thalibar rifqi\documents\visual studio 2013\projects\traveler salesman problem\mfcapplication1\mfcapplication1dlg.cpp(363): warning C4244: '=' : conversion from 'float' to 'int', possible loss of data
     1>c:\users\thalibar rifqi\documents\visual studio 2013\projects\traveler salesman problem\mfcapplication1\mfcapplication1dlg.cpp(364): warning C4244: '=' : conversion from 'float' to 'int', possible loss of data
     1>c:\users\thalibar rifqi\documents\visual studio 2013\projects\traveler salesman problem\mfcapplication1\mfcapplication1dlg.cpp(369): warning C4244: '=' : conversion from 'float' to 'int', possible loss of data
     1>c:\users\thalibar rifqi\documents\visual studio 2013\projects\traveler salesman problem\mfcapplication1\mfcapplication1dlg.cpp(370): warning C4244: '=' : conversion from 'float' to 'int', possible loss of data
     1>c:\users\thalibar rifqi\documents\visual studio 2013\projects\traveler salesman problem\mfcapplication1\mfcapplication1dlg.cpp(399): warning C4305: 'initializing' : truncation from 'double' to 'float'
     1>c:\users\thalibar rifqi\documents\visual studio 2013\projects\traveler salesman problem\mfcapplication1\mfcapplication1dlg.cpp(400): warning C4305: '=' : truncation from 'double' to 'float'
     1>c:\users\thalibar rifqi\documents\visual studio 2013\projects\traveler salesman problem\mfcapplication1\mfcapplication1dlg.cpp(405): warning C4244: '=' : conversion from 'int' to 'float', possible loss of data
     1>c:\users\thalibar rifqi\documents\visual studio 2013\projects\traveler salesman problem\mfcapplication1\mfcapplication1dlg.cpp(305): warning C4101: 'cStr' : unreferenced local variable
     1>c:\users\thalibar rifqi\documents\visual studio 2013\projects\traveler salesman problem\mfcapplication1\mfcapplication1dlg.cpp(306): warning C4101: 'cpoint2' : unreferenced local variable
     1>c:\users\thalibar rifqi\documents\visual studio 2013\projects\traveler salesman problem\mfcapplication1\mfcapplication1dlg.cpp(306): warning C4101: 'cpoint1' : unreferenced local variable
         MFCApplication1.cpp
         Generating Code...
       ResourceCompile:
         C:\Program Files (x86)\Windows Kits\8.1\bin\x86\rc.exe /D _DEBUG /D _UNICODE /D UNICODE /D _AFXDLL /l"0x0409" /IDebug\ /nologo /fo"Debug\MFCApplication1.res" MFCApplication1.rc 
       Link:
         C:\Program Files (x86)\Microsoft Visual Studio 12.0\VC\bin\link.exe /ERRORREPORT:PROMPT /OUT:"C:\Users\Thalibar Rifqi\Documents\Visual Studio 2013\Projects\Traveler Salesman Problem\Debug\MFCApplication1.exe" /INCREMENTAL /NOLOGO /MANIFEST /MANIFESTUAC:"level='asInvoker' uiAccess='false'" /manifest:embed /manifestinput:"C:\Program Files (x86)\Microsoft Visual Studio 12.0\VC\Include\Manifest\dpiaware.manifest" /DEBUG /PDB:"C:\Users\Thalibar Rifqi\Documents\Visual Studio 2013\Projects\Traveler Salesman Problem\Debug\MFCApplication1.pdb" /SUBSYSTEM:WINDOWS /TLBID:1 /ENTRY:"wWinMainCRTStartup" /DYNAMICBASE /NXCOMPAT /IMPLIB:"C:\Users\Thalibar Rifqi\Documents\Visual Studio 2013\Projects\Traveler Salesman Problem\Debug\MFCApplication1.lib" /MACHINE:X86 Debug\MFCApplication1.res
         Debug\MFCApplication1.obj
         Debug\MFCApplication1Dlg.obj
         Debug\stdafx.obj
         MFCApplication1.vcxproj -> C:\Users\Thalibar Rifqi\Documents\Visual Studio 2013\Projects\Traveler Salesman Problem\Debug\MFCApplication1.exe
     1>Done Building Project "C:\Users\Thalibar Rifqi\Documents\Visual Studio 2013\Projects\Traveler Salesman Problem\MFCApplication1\MFCApplication1.vcxproj" (Build target(s)).

Build succeeded.

Time Elapsed 00:00:13.01
